{"C:\\Project\\js\\vue\\inflight\\inflight.js":{"path":"C:\\Project\\js\\vue\\inflight\\inflight.js","statementMap":{"1":{"start":{"line":1,"column":13},"end":{"line":1,"column":30}},"2":{"start":{"line":2,"column":11},"end":{"line":2,"column":30}},"3":{"start":{"line":3,"column":11},"end":{"line":3,"column":26}},"4":{"start":{"line":5,"column":0},"end":{"line":5,"column":33}},"5":{"start":{"line":8,"column":2},"end":{"line":14,"column":3}},"6":{"start":{"line":9,"column":4},"end":{"line":9,"column":22}},"7":{"start":{"line":10,"column":4},"end":{"line":10,"column":15}},"8":{"start":{"line":12,"column":4},"end":{"line":12,"column":20}},"9":{"start":{"line":13,"column":4},"end":{"line":13,"column":23}},"10":{"start":{"line":18,"column":2},"end":{"line":41,"column":4}},"11":{"start":{"line":19,"column":14},"end":{"line":19,"column":23}},"12":{"start":{"line":20,"column":15},"end":{"line":20,"column":31}},"13":{"start":{"line":25,"column":4},"end":{"line":40,"column":5}},"14":{"start":{"line":26,"column":16},"end":{"line":26,"column":26}},"15":{"start":{"line":27,"column":6},"end":{"line":39,"column":7}},"16":{"start":{"line":28,"column":8},"end":{"line":30,"column":9}},"17":{"start":{"line":29,"column":10},"end":{"line":29,"column":34}},"18":{"start":{"line":32,"column":8},"end":{"line":38,"column":9}},"19":{"start":{"line":34,"column":10},"end":{"line":34,"column":28}},"20":{"start":{"line":36,"column":10},"end":{"line":36,"column":26}},"21":{"start":{"line":37,"column":10},"end":{"line":37,"column":15}},"22":{"start":{"line":45,"column":15},"end":{"line":45,"column":26}},"23":{"start":{"line":46,"column":14},"end":{"line":46,"column":16}},"24":{"start":{"line":48,"column":2},"end":{"line":48,"column":53}},"25":{"start":{"line":48,"column":35},"end":{"line":48,"column":53}},"26":{"start":{"line":49,"column":2},"end":{"line":49,"column":14}}},"fnMap":{"1":{"name":"inflight","decl":{"start":{"line":7,"column":9},"end":{"line":7,"column":17}},"loc":{"start":{"line":7,"column":28},"end":{"line":15,"column":1}}},"2":{"name":"makeres","decl":{"start":{"line":17,"column":9},"end":{"line":17,"column":16}},"loc":{"start":{"line":17,"column":23},"end":{"line":42,"column":1}}},"3":{"name":"RES","decl":{"start":{"line":18,"column":23},"end":{"line":18,"column":26}},"loc":{"start":{"line":18,"column":30},"end":{"line":41,"column":3}}},"4":{"name":"slice","decl":{"start":{"line":44,"column":9},"end":{"line":44,"column":14}},"loc":{"start":{"line":44,"column":22},"end":{"line":50,"column":1}}}},"branchMap":{"1":{"loc":{"start":{"line":8,"column":2},"end":{"line":14,"column":3}},"type":"if","locations":[{"start":{"line":8,"column":2},"end":{"line":14,"column":3}},{"start":{"line":8,"column":2},"end":{"line":14,"column":3}}]},"2":{"loc":{"start":{"line":25,"column":11},"end":{"line":25,"column":32}},"type":"binary-expr","locations":[{"start":{"line":25,"column":11},"end":{"line":25,"column":14}},{"start":{"line":25,"column":18},"end":{"line":25,"column":32}}]},"3":{"loc":{"start":{"line":32,"column":8},"end":{"line":38,"column":9}},"type":"if","locations":[{"start":{"line":32,"column":8},"end":{"line":38,"column":9}},{"start":{"line":32,"column":8},"end":{"line":38,"column":9}}]}},"s":{"1":1,"2":1,"3":1,"4":1,"5":17,"6":9,"7":9,"8":8,"9":8,"10":8,"11":8,"12":8,"13":8,"14":9,"15":9,"16":9,"17":13,"18":9,"19":2,"20":7,"21":7,"22":8,"23":8,"24":8,"25":4,"26":8},"f":{"1":17,"2":8,"3":8,"4":8},"b":{"1":[9,8],"2":[9,9],"3":[2,7]},"hash":"eaeb1dc2234077d188896bf998a582d4ff58b188"}}